INFO 2019-05-15 02:57:43,498 basehttp 124 "GET /static/register.html HTTP/1.1" 200 3449
INFO 2019-05-15 03:09:21,962 basehttp 124 "GET /static/1.html HTTP/1.1" 200 691
WARNING 2019-05-15 03:09:22,128 base 152 Not Found: /favicon.ico
WARNING 2019-05-15 03:09:22,129 basehttp 124 "GET /favicon.ico HTTP/1.1" 404 1967
INFO 2019-05-15 03:10:17,375 basehttp 124 "GET /static/1.html HTTP/1.1" 200 716
WARNING 2019-05-15 04:07:23,774 base 152 Not Found: /
WARNING 2019-05-15 04:07:23,787 basehttp 124 "GET / HTTP/1.1" 404 2092
INFO 2019-05-15 04:08:37,848 basehttp 124 "GET /register/ HTTP/1.1" 200 3356
WARNING 2019-05-15 04:08:37,919 base 152 Not Found: /register/css/reset.css
WARNING 2019-05-15 04:08:37,938 basehttp 124 "GET /register/css/reset.css HTTP/1.1" 404 2176
WARNING 2019-05-15 04:08:38,006 base 152 Not Found: /register/js/vue-2.5.16.js
WARNING 2019-05-15 04:08:38,014 base 152 Not Found: /register/js/host.js
WARNING 2019-05-15 04:08:38,022 base 152 Not Found: /register/css/main.css
WARNING 2019-05-15 04:08:38,025 basehttp 124 "GET /register/js/host.js HTTP/1.1" 404 2167
WARNING 2019-05-15 04:08:38,029 basehttp 124 "GET /register/js/vue-2.5.16.js HTTP/1.1" 404 2185
WARNING 2019-05-15 04:08:38,097 base 152 Not Found: /register/images/pic_code.jpg
WARNING 2019-05-15 04:08:38,103 basehttp 124 "GET /register/css/main.css HTTP/1.1" 404 2173
WARNING 2019-05-15 04:08:38,109 base 152 Not Found: /register/js/axios-0.18.0.min.js
WARNING 2019-05-15 04:08:38,117 basehttp 124 "GET /register/images/pic_code.jpg HTTP/1.1" 404 2194
WARNING 2019-05-15 04:08:38,122 base 152 Not Found: /register/images/logo.png
WARNING 2019-05-15 04:08:38,151 basehttp 124 "GET /register/js/axios-0.18.0.min.js HTTP/1.1" 404 2203
WARNING 2019-05-15 04:08:38,197 base 152 Not Found: /register/js/common.js
WARNING 2019-05-15 04:08:38,204 base 152 Not Found: /register/js/vue-2.5.16.js
WARNING 2019-05-15 04:08:38,206 basehttp 124 "GET /register/js/common.js HTTP/1.1" 404 2173
WARNING 2019-05-15 04:08:38,212 basehttp 124 "GET /register/js/vue-2.5.16.js HTTP/1.1" 404 2185
WARNING 2019-05-15 04:08:38,223 basehttp 124 "GET /register/images/logo.png HTTP/1.1" 404 2182
WARNING 2019-05-15 04:08:38,272 base 152 Not Found: /register/js/register.js
WARNING 2019-05-15 04:08:38,292 base 152 Not Found: /register/js/axios-0.18.0.min.js
WARNING 2019-05-15 04:08:38,295 basehttp 124 "GET /register/js/axios-0.18.0.min.js HTTP/1.1" 404 2203
WARNING 2019-05-15 04:08:38,299 basehttp 124 "GET /register/js/register.js HTTP/1.1" 404 2179
WARNING 2019-05-15 04:08:38,395 base 152 Not Found: /register/js/common.js
WARNING 2019-05-15 04:08:38,398 basehttp 124 "GET /register/js/common.js HTTP/1.1" 404 2173
WARNING 2019-05-15 04:08:38,433 base 152 Not Found: /register/js/register.js
WARNING 2019-05-15 04:08:38,436 basehttp 124 "GET /register/js/register.js HTTP/1.1" 404 2179
INFO 2019-05-15 04:16:30,790 basehttp 124 "GET /register/ HTTP/1.1" 200 3448
WARNING 2019-05-15 04:16:30,854 base 152 Not Found: /register/js/host.js
WARNING 2019-05-15 04:16:30,860 base 152 Not Found: /register/js/axios-0.18.0.min.js
WARNING 2019-05-15 04:16:30,879 base 152 Not Found: /register/images/logo.png
WARNING 2019-05-15 04:16:30,845 base 152 Not Found: /register/js/vue-2.5.16.js
WARNING 2019-05-15 04:16:30,898 base 152 Not Found: /register/images/pic_code.jpg
WARNING 2019-05-15 04:16:30,899 basehttp 124 "GET /register/js/host.js HTTP/1.1" 404 2167
WARNING 2019-05-15 04:16:30,901 basehttp 124 "GET /register/js/axios-0.18.0.min.js HTTP/1.1" 404 2203
WARNING 2019-05-15 04:16:30,903 basehttp 124 "GET /register/images/logo.png HTTP/1.1" 404 2182
WARNING 2019-05-15 04:16:30,905 basehttp 124 "GET /register/js/vue-2.5.16.js HTTP/1.1" 404 2185
WARNING 2019-05-15 04:16:30,918 basehttp 124 "GET /register/images/pic_code.jpg HTTP/1.1" 404 2194
WARNING 2019-05-15 04:16:30,932 base 152 Not Found: /register/js/common.js
WARNING 2019-05-15 04:16:30,946 basehttp 124 "GET /register/js/common.js HTTP/1.1" 404 2173
WARNING 2019-05-15 04:16:30,949 base 152 Not Found: /register/js/axios-0.18.0.min.js
WARNING 2019-05-15 04:16:30,964 basehttp 124 "GET /register/js/axios-0.18.0.min.js HTTP/1.1" 404 2203
WARNING 2019-05-15 04:16:30,968 base 152 Not Found: /register/js/register.js
WARNING 2019-05-15 04:16:30,972 basehttp 124 "GET /register/js/register.js HTTP/1.1" 404 2179
WARNING 2019-05-15 04:16:31,010 base 152 Not Found: /register/js/common.js
WARNING 2019-05-15 04:16:31,012 basehttp 124 "GET /register/js/common.js HTTP/1.1" 404 2173
WARNING 2019-05-15 04:16:31,035 base 152 Not Found: /register/js/register.js
WARNING 2019-05-15 04:16:31,037 basehttp 124 "GET /register/js/register.js HTTP/1.1" 404 2179
INFO 2019-05-15 04:18:07,060 basehttp 124 "GET /register/ HTTP/1.1" 200 4461
WARNING 2019-05-15 04:18:07,090 base 152 Not Found: /register/js/host.js
WARNING 2019-05-15 04:18:07,092 basehttp 124 "GET /register/js/host.js HTTP/1.1" 404 2167
WARNING 2019-05-15 04:18:07,113 base 152 Not Found: /register/js/vue-2.5.16.js
WARNING 2019-05-15 04:18:07,115 basehttp 124 "GET /register/js/vue-2.5.16.js HTTP/1.1" 404 2185
WARNING 2019-05-15 04:18:07,142 base 152 Not Found: /register/images/pic_code.jpg
WARNING 2019-05-15 04:18:07,144 basehttp 124 "GET /register/images/pic_code.jpg HTTP/1.1" 404 2194
WARNING 2019-05-15 04:18:07,157 base 152 Not Found: /register/js/axios-0.18.0.min.js
WARNING 2019-05-15 04:18:07,161 basehttp 124 "GET /register/js/axios-0.18.0.min.js HTTP/1.1" 404 2203
WARNING 2019-05-15 04:18:07,175 base 152 Not Found: /register/js/common.js
WARNING 2019-05-15 04:18:07,176 basehttp 124 "GET /register/js/common.js HTTP/1.1" 404 2173
WARNING 2019-05-15 04:18:07,195 base 152 Not Found: /register/js/register.js
WARNING 2019-05-15 04:18:07,197 basehttp 124 "GET /register/js/register.js HTTP/1.1" 404 2179
INFO 2019-05-15 04:18:57,537 basehttp 124 "GET /register/ HTTP/1.1" 200 4691
WARNING 2019-05-15 04:18:57,565 base 152 Not Found: /register/js/host.js
WARNING 2019-05-15 04:18:57,590 base 152 Not Found: /register/js/vue-2.5.16.js
WARNING 2019-05-15 04:18:57,604 basehttp 124 "GET /register/js/vue-2.5.16.js HTTP/1.1" 404 2185
WARNING 2019-05-15 04:18:57,605 basehttp 124 "GET /register/js/host.js HTTP/1.1" 404 2167
WARNING 2019-05-15 04:18:57,607 base 152 Not Found: /register/js/axios-0.18.0.min.js
WARNING 2019-05-15 04:18:57,625 base 152 Not Found: /register/js/common.js
WARNING 2019-05-15 04:18:57,640 basehttp 124 "GET /register/js/common.js HTTP/1.1" 404 2173
WARNING 2019-05-15 04:18:57,646 base 152 Not Found: /register/js/register.js
WARNING 2019-05-15 04:18:57,649 basehttp 124 "GET /register/js/axios-0.18.0.min.js HTTP/1.1" 404 2203
WARNING 2019-05-15 04:18:57,650 basehttp 124 "GET /register/js/register.js HTTP/1.1" 404 2179
WARNING 2019-05-15 04:18:57,668 base 152 Not Found: /register/js/common.js
WARNING 2019-05-15 04:18:57,673 basehttp 124 "GET /register/js/common.js HTTP/1.1" 404 2173
WARNING 2019-05-15 04:18:57,695 base 152 Not Found: /register/js/register.js
WARNING 2019-05-15 04:18:57,698 basehttp 124 "GET /register/js/register.js HTTP/1.1" 404 2179
INFO 2019-05-15 04:20:27,294 basehttp 124 "GET /register/ HTTP/1.1" 200 3466
INFO 2020-03-26 09:06:06,033 basehttp 154 "GET / HTTP/1.1" 200 16348
INFO 2020-03-26 09:06:06,311 basehttp 154 "GET /static/admin/css/fonts.css HTTP/1.1" 200 423
INFO 2020-03-26 09:07:55,674 basehttp 154 "GET /static/index.html HTTP/1.1" 200 25050
INFO 2020-03-26 09:07:55,870 basehttp 154 "GET /static/js/host.js HTTP/1.1" 200 75
INFO 2020-03-26 09:07:55,878 basehttp 154 "GET /static/css/reset.css HTTP/1.1" 200 638
INFO 2020-03-26 09:07:55,879 basehttp 154 "GET /static/js/axios-0.18.0.min.js HTTP/1.1" 200 12941
INFO 2020-03-26 09:07:55,918 basehttp 154 "GET /static/css/main.css HTTP/1.1" 200 39722
INFO 2020-03-26 09:07:56,082 basehttp 154 "GET /static/js/jquery-1.12.4.min.js HTTP/1.1" 200 97163
INFO 2020-03-26 09:07:56,084 basehttp 154 "GET /static/images/goods/goods001.jpg HTTP/1.1" 200 5391
INFO 2020-03-26 09:07:56,087 basehttp 154 "GET /static/images/logo.png HTTP/1.1" 200 7450
INFO 2020-03-26 09:07:56,127 basehttp 154 "GET /static/js/vue-2.5.16.js HTTP/1.1" 200 289307
INFO 2020-03-26 09:07:56,251 basehttp 154 "GET /static/js/slide.js HTTP/1.1" 200 1822
INFO 2020-03-26 09:07:56,253 basehttp 154 "GET /static/js/index.js HTTP/1.1" 200 1727
INFO 2020-03-26 09:07:56,653 basehttp 154 "GET /static/images/goods/goods002.jpg HTTP/1.1" 200 5377
INFO 2020-03-26 09:07:56,679 basehttp 154 "GET /static/images/slide03.jpg HTTP/1.1" 200 70152
INFO 2020-03-26 09:07:56,680 basehttp 154 "GET /static/js/common.js HTTP/1.1" 200 891
INFO 2020-03-26 09:07:56,699 basehttp 154 "GET /static/images/slide02.jpg HTTP/1.1" 200 89905
INFO 2020-03-26 09:07:56,701 basehttp 154 "GET /static/images/slide01.jpg HTTP/1.1" 200 67813
INFO 2020-03-26 09:07:56,714 basehttp 154 "GET /static/images/slide04.jpg HTTP/1.1" 200 107973
INFO 2020-03-26 09:07:56,790 basehttp 154 "GET /static/images/adv01.jpg HTTP/1.1" 200 39831
INFO 2020-03-26 09:07:56,855 basehttp 154 "GET /static/images/goods/goods004.jpg HTTP/1.1" 200 6565
INFO 2020-03-26 09:07:56,865 basehttp 154 "GET /static/images/goods/goods008.jpg HTTP/1.1" 200 7072
INFO 2020-03-26 09:07:56,856 basehttp 154 "GET /static/images/goods/goods003.jpg HTTP/1.1" 200 8579
INFO 2020-03-26 09:07:56,868 basehttp 154 "GET /static/images/banner02.jpg HTTP/1.1" 200 26729
INFO 2020-03-26 09:07:56,870 basehttp 154 "GET /static/images/goods/goods005.jpg HTTP/1.1" 200 7578
INFO 2020-03-26 09:07:56,871 basehttp 154 "GET /static/images/banner01.jpg HTTP/1.1" 200 23658
INFO 2020-03-26 09:07:56,905 basehttp 154 "GET /static/images/banner03.jpg HTTP/1.1" 200 22681
INFO 2020-03-26 09:07:56,906 basehttp 154 "GET /static/images/goods/goods009.jpg HTTP/1.1" 200 8738
INFO 2020-03-26 09:07:56,914 basehttp 154 "GET /static/images/icons.png HTTP/1.1" 200 7740
WARNING 2020-03-26 09:07:57,812 log 228 Not Found: /carts/simple/
WARNING 2020-03-26 09:07:57,813 basehttp 154 "GET /carts/simple/ HTTP/1.1" 404 1984
WARNING 2020-03-26 09:07:59,710 log 228 Not Found: /favicon.ico
WARNING 2020-03-26 09:07:59,712 basehttp 154 "GET /favicon.ico HTTP/1.1" 404 1978
WARNING 2020-03-26 09:27:20,314 log 228 Not Found: /regist/
WARNING 2020-03-26 09:27:20,316 basehttp 154 "GET /regist/ HTTP/1.1" 404 2141
WARNING 2020-03-26 09:27:25,812 log 228 Not Found: /registe/
WARNING 2020-03-26 09:27:25,814 basehttp 154 "GET /registe/ HTTP/1.1" 404 2144
INFO 2020-03-26 09:27:47,621 basehttp 154 "GET /register/ HTTP/1.1" 200 3466
INFO 2020-03-26 09:27:47,659 basehttp 154 "GET /static/images/pic_code.jpg HTTP/1.1" 200 4507
INFO 2020-03-26 09:27:47,697 basehttp 154 "GET /static/js/register.js HTTP/1.1" 200 15584
INFO 2020-03-26 09:27:47,709 basehttp 154 "GET /static/images/interval_line.png HTTP/1.1" 200 1123
INFO 2020-03-26 09:27:47,712 basehttp 154 "GET /static/images/register_banner.png HTTP/1.1" 200 54894
INFO 2020-03-26 09:27:47,766 basehttp 154 "GET /static/images/icons02.png HTTP/1.1" 200 3935
INFO 2020-03-27 08:36:02,464 basehttp 154 "GET /register/ HTTP/1.1" 200 3466
WARNING 2020-03-27 08:37:01,593 log 228 Forbidden (CSRF token missing or incorrect.): /register/
WARNING 2020-03-27 08:37:01,594 basehttp 154 "POST /register/ HTTP/1.1" 403 2513
INFO 2020-03-27 08:40:48,951 basehttp 154 "GET /register/ HTTP/1.1" 200 3466
WARNING 2020-03-27 08:41:20,963 log 228 Forbidden (CSRF token missing or incorrect.): /register/
WARNING 2020-03-27 08:41:20,966 basehttp 154 "POST /register/ HTTP/1.1" 403 2513
ERROR 2020-03-27 08:44:28,862 log 228 Internal Server Error: /register/
Traceback (most recent call last):
  File "/home/python/.local/lib/python3.5/site-packages/django/template/backends/jinja2.py", line 39, in get_template
    return Template(self.env.get_template(template_name), self)
  File "/usr/lib/python3/dist-packages/jinja2/environment.py", line 812, in get_template
    return self._load_template(name, self.make_globals(globals))
  File "/usr/lib/python3/dist-packages/jinja2/environment.py", line 786, in _load_template
    template = self.loader.load(self, name, globals)
  File "/usr/lib/python3/dist-packages/jinja2/loaders.py", line 125, in load
    code = environment.compile(source, name, filename)
  File "/usr/lib/python3/dist-packages/jinja2/environment.py", line 565, in compile
    self.handle_exception(exc_info, source_hint=source_hint)
  File "/usr/lib/python3/dist-packages/jinja2/environment.py", line 754, in handle_exception
    reraise(exc_type, exc_value, tb)
  File "/usr/lib/python3/dist-packages/jinja2/_compat.py", line 37, in reraise
    raise value.with_traceback(tb)
  File "/home/python/projects/meiduo_project/meiduo_mall/meiduo_mall/templates/register.html", line 71, in template
    {%csrf_token%}
  File "/usr/lib/python3/dist-packages/jinja2/environment.py", line 470, in _parse
    return Parser(self, source, name, encode_filename(filename)).parse()
  File "/usr/lib/python3/dist-packages/jinja2/parser.py", line 897, in parse
    result = nodes.Template(self.subparse(), lineno=1)
  File "/usr/lib/python3/dist-packages/jinja2/parser.py", line 879, in subparse
    rv = self.parse_statement()
  File "/usr/lib/python3/dist-packages/jinja2/parser.py", line 135, in parse_statement
    self.fail_unknown_tag(token.value, token.lineno)
  File "/usr/lib/python3/dist-packages/jinja2/parser.py", line 88, in fail_unknown_tag
    return self._fail_ut_eof(name, self._end_token_stack, lineno)
  File "/usr/lib/python3/dist-packages/jinja2/parser.py", line 81, in _fail_ut_eof
    self.fail(' '.join(message), lineno)
  File "/usr/lib/python3/dist-packages/jinja2/parser.py", line 50, in fail
    raise exc(msg, lineno, self.name, self.filename)
jinja2.exceptions.TemplateSyntaxError: Encountered unknown tag 'csrf_token'.

The above exception was the direct cause of the following exception:

Traceback (most recent call last):
  File "/home/python/.local/lib/python3.5/site-packages/django/core/handlers/exception.py", line 34, in inner
    response = get_response(request)
  File "/home/python/.local/lib/python3.5/site-packages/django/core/handlers/base.py", line 126, in _get_response
    response = self.process_exception_by_middleware(e, request)
  File "/home/python/.local/lib/python3.5/site-packages/django/core/handlers/base.py", line 124, in _get_response
    response = wrapped_callback(request, *callback_args, **callback_kwargs)
  File "/home/python/.local/lib/python3.5/site-packages/django/views/generic/base.py", line 68, in view
    return self.dispatch(request, *args, **kwargs)
  File "/home/python/.local/lib/python3.5/site-packages/django/views/generic/base.py", line 88, in dispatch
    return handler(request, *args, **kwargs)
  File "/home/python/projects/meiduo_project/meiduo_mall/meiduo_mall/apps/users/views.py", line 16, in get
    return render(request,'register.html')
  File "/home/python/.local/lib/python3.5/site-packages/django/shortcuts.py", line 36, in render
    content = loader.render_to_string(template_name, context, request, using=using)
  File "/home/python/.local/lib/python3.5/site-packages/django/template/loader.py", line 61, in render_to_string
    template = get_template(template_name, using=using)
  File "/home/python/.local/lib/python3.5/site-packages/django/template/loader.py", line 15, in get_template
    return engine.get_template(template_name)
  File "/home/python/.local/lib/python3.5/site-packages/django/template/backends/jinja2.py", line 45, in get_template
    raise new from exc
django.template.exceptions.TemplateSyntaxError: ("Encountered unknown tag 'csrf_token'.",)
ERROR 2020-03-27 08:44:28,873 basehttp 154 "GET /register/ HTTP/1.1" 500 209310
WARNING 2020-03-27 08:44:29,580 log 228 Not Found: /favicon.ico
WARNING 2020-03-27 08:44:29,582 basehttp 154 "GET /favicon.ico HTTP/1.1" 404 2153
ERROR 2020-03-27 08:44:31,366 log 228 Internal Server Error: /register/
Traceback (most recent call last):
  File "/home/python/.local/lib/python3.5/site-packages/django/template/backends/jinja2.py", line 39, in get_template
    return Template(self.env.get_template(template_name), self)
  File "/usr/lib/python3/dist-packages/jinja2/environment.py", line 812, in get_template
    return self._load_template(name, self.make_globals(globals))
  File "/usr/lib/python3/dist-packages/jinja2/environment.py", line 786, in _load_template
    template = self.loader.load(self, name, globals)
  File "/usr/lib/python3/dist-packages/jinja2/loaders.py", line 125, in load
    code = environment.compile(source, name, filename)
  File "/usr/lib/python3/dist-packages/jinja2/environment.py", line 565, in compile
    self.handle_exception(exc_info, source_hint=source_hint)
  File "/usr/lib/python3/dist-packages/jinja2/environment.py", line 754, in handle_exception
    reraise(exc_type, exc_value, tb)
  File "/usr/lib/python3/dist-packages/jinja2/_compat.py", line 37, in reraise
    raise value.with_traceback(tb)
  File "/home/python/projects/meiduo_project/meiduo_mall/meiduo_mall/templates/register.html", line 71, in template
    {%csrf_token%}
  File "/usr/lib/python3/dist-packages/jinja2/environment.py", line 470, in _parse
    return Parser(self, source, name, encode_filename(filename)).parse()
  File "/usr/lib/python3/dist-packages/jinja2/parser.py", line 897, in parse
    result = nodes.Template(self.subparse(), lineno=1)
  File "/usr/lib/python3/dist-packages/jinja2/parser.py", line 879, in subparse
    rv = self.parse_statement()
  File "/usr/lib/python3/dist-packages/jinja2/parser.py", line 135, in parse_statement
    self.fail_unknown_tag(token.value, token.lineno)
  File "/usr/lib/python3/dist-packages/jinja2/parser.py", line 88, in fail_unknown_tag
    return self._fail_ut_eof(name, self._end_token_stack, lineno)
  File "/usr/lib/python3/dist-packages/jinja2/parser.py", line 81, in _fail_ut_eof
    self.fail(' '.join(message), lineno)
  File "/usr/lib/python3/dist-packages/jinja2/parser.py", line 50, in fail
    raise exc(msg, lineno, self.name, self.filename)
jinja2.exceptions.TemplateSyntaxError: Encountered unknown tag 'csrf_token'.

The above exception was the direct cause of the following exception:

Traceback (most recent call last):
  File "/home/python/.local/lib/python3.5/site-packages/django/core/handlers/exception.py", line 34, in inner
    response = get_response(request)
  File "/home/python/.local/lib/python3.5/site-packages/django/core/handlers/base.py", line 126, in _get_response
    response = self.process_exception_by_middleware(e, request)
  File "/home/python/.local/lib/python3.5/site-packages/django/core/handlers/base.py", line 124, in _get_response
    response = wrapped_callback(request, *callback_args, **callback_kwargs)
  File "/home/python/.local/lib/python3.5/site-packages/django/views/generic/base.py", line 68, in view
    return self.dispatch(request, *args, **kwargs)
  File "/home/python/.local/lib/python3.5/site-packages/django/views/generic/base.py", line 88, in dispatch
    return handler(request, *args, **kwargs)
  File "/home/python/projects/meiduo_project/meiduo_mall/meiduo_mall/apps/users/views.py", line 16, in get
    return render(request,'register.html')
  File "/home/python/.local/lib/python3.5/site-packages/django/shortcuts.py", line 36, in render
    content = loader.render_to_string(template_name, context, request, using=using)
  File "/home/python/.local/lib/python3.5/site-packages/django/template/loader.py", line 61, in render_to_string
    template = get_template(template_name, using=using)
  File "/home/python/.local/lib/python3.5/site-packages/django/template/loader.py", line 15, in get_template
    return engine.get_template(template_name)
  File "/home/python/.local/lib/python3.5/site-packages/django/template/backends/jinja2.py", line 45, in get_template
    raise new from exc
django.template.exceptions.TemplateSyntaxError: ("Encountered unknown tag 'csrf_token'.",)
ERROR 2020-03-27 08:44:31,371 basehttp 154 "GET /register/ HTTP/1.1" 500 208967
INFO 2020-03-27 08:46:07,821 basehttp 154 "GET /register/ HTTP/1.1" 200 3456
INFO 2020-03-27 08:46:07,903 basehttp 154 "GET /static/js/axios-0.18.0.min.js HTTP/1.1" 200 12941
INFO 2020-03-27 08:46:07,912 basehttp 154 "GET /static/js/host.js HTTP/1.1" 200 75
INFO 2020-03-27 08:46:07,918 basehttp 154 "GET /static/css/reset.css HTTP/1.1" 200 638
INFO 2020-03-27 08:46:07,921 basehttp 154 "GET /static/css/main.css HTTP/1.1" 200 39722
INFO 2020-03-27 08:46:07,958 basehttp 154 "GET /static/images/logo.png HTTP/1.1" 200 7450
INFO 2020-03-27 08:46:07,959 basehttp 154 "GET /static/images/pic_code.jpg HTTP/1.1" 200 4507
INFO 2020-03-27 08:46:07,988 basehttp 154 "GET /static/js/vue-2.5.16.js HTTP/1.1" 200 289307
INFO 2020-03-27 08:46:08,007 basehttp 154 "GET /static/js/common.js HTTP/1.1" 200 891
INFO 2020-03-27 08:46:08,023 basehttp 154 "GET /static/js/register.js HTTP/1.1" 200 15584
INFO 2020-03-27 08:46:08,035 basehttp 154 "GET /static/images/interval_line.png HTTP/1.1" 200 1123
INFO 2020-03-27 08:46:08,046 basehttp 154 "GET /static/images/icons02.png HTTP/1.1" 200 3935
INFO 2020-03-27 08:46:08,048 basehttp 154 "GET /static/images/register_banner.png HTTP/1.1" 200 54894
WARNING 2020-03-27 08:46:08,136 log 228 Not Found: /favicon.ico
WARNING 2020-03-27 08:46:08,137 basehttp 154 "GET /favicon.ico HTTP/1.1" 404 2153
WARNING 2020-03-27 08:46:28,553 log 228 Forbidden (CSRF token missing or incorrect.): /register/
WARNING 2020-03-27 08:46:28,555 basehttp 154 "POST /register/ HTTP/1.1" 403 2513
INFO 2020-03-27 08:47:01,233 basehttp 154 "GET /register/ HTTP/1.1" 200 3456
INFO 2020-03-27 08:47:01,258 basehttp 154 "GET /static/css/main.css HTTP/1.1" 200 39722
INFO 2020-03-27 08:47:01,274 basehttp 154 "GET /static/images/pic_code.jpg HTTP/1.1" 200 4507
INFO 2020-03-27 08:47:01,281 basehttp 154 "GET /static/css/reset.css HTTP/1.1" 200 638
INFO 2020-03-27 08:47:01,292 basehttp 154 "GET /static/js/host.js HTTP/1.1" 200 75
INFO 2020-03-27 08:47:01,295 basehttp 154 "GET /static/images/logo.png HTTP/1.1" 200 7450
INFO 2020-03-27 08:47:01,295 basehttp 154 "GET /static/js/axios-0.18.0.min.js HTTP/1.1" 200 12941
INFO 2020-03-27 08:47:01,307 basehttp 154 "GET /static/js/common.js HTTP/1.1" 200 891
INFO 2020-03-27 08:47:01,310 basehttp 154 "GET /static/js/vue-2.5.16.js HTTP/1.1" 200 289307
INFO 2020-03-27 08:47:01,329 basehttp 154 "GET /static/js/register.js HTTP/1.1" 200 15584
INFO 2020-03-27 08:47:01,365 basehttp 154 "GET /static/images/register_banner.png HTTP/1.1" 200 54894
INFO 2020-03-27 08:47:01,367 basehttp 154 "GET /static/images/interval_line.png HTTP/1.1" 200 1123
INFO 2020-03-27 08:47:01,368 basehttp 154 "GET /static/images/icons02.png HTTP/1.1" 200 3935
WARNING 2020-03-27 08:47:01,431 log 228 Not Found: /favicon.ico
WARNING 2020-03-27 08:47:01,433 basehttp 154 "GET /favicon.ico HTTP/1.1" 404 2153
WARNING 2020-03-27 08:51:00,379 log 228 Forbidden: /register/
WARNING 2020-03-27 08:51:00,380 basehttp 154 "POST /register/ HTTP/1.1" 403 18
WARNING 2020-03-27 08:51:00,494 log 228 Not Found: /favicon.ico
WARNING 2020-03-27 08:51:00,495 basehttp 154 "GET /favicon.ico HTTP/1.1" 404 2153
INFO 2020-03-27 08:51:12,220 basehttp 154 "GET /register/ HTTP/1.1" 200 4500
INFO 2020-03-27 08:51:12,248 basehttp 154 "GET /static/css/reset.css HTTP/1.1" 200 638
INFO 2020-03-27 08:51:12,249 basehttp 154 "GET /static/css/main.css HTTP/1.1" 200 39722
INFO 2020-03-27 08:51:12,255 basehttp 154 "GET /static/js/host.js HTTP/1.1" 200 75
INFO 2020-03-27 08:51:12,260 basehttp 154 "GET /static/js/axios-0.18.0.min.js HTTP/1.1" 200 12941
INFO 2020-03-27 08:51:12,268 basehttp 154 "GET /static/images/pic_code.jpg HTTP/1.1" 200 4507
INFO 2020-03-27 08:51:12,269 basehttp 154 "GET /static/images/logo.png HTTP/1.1" 200 7450
INFO 2020-03-27 08:51:12,274 basehttp 154 "GET /static/js/vue-2.5.16.js HTTP/1.1" 200 289307
INFO 2020-03-27 08:51:12,281 basehttp 154 "GET /static/js/common.js HTTP/1.1" 200 891
INFO 2020-03-27 08:51:12,309 basehttp 154 "GET /static/js/register.js HTTP/1.1" 200 15584
INFO 2020-03-27 08:51:12,322 basehttp 154 "GET /static/images/icons02.png HTTP/1.1" 200 3935
INFO 2020-03-27 08:51:12,323 basehttp 154 "GET /static/images/interval_line.png HTTP/1.1" 200 1123
INFO 2020-03-27 08:51:12,325 basehttp 154 "GET /static/images/register_banner.png HTTP/1.1" 200 54894
WARNING 2020-03-27 08:51:12,410 log 228 Not Found: /favicon.ico
WARNING 2020-03-27 08:51:12,411 basehttp 154 "GET /favicon.ico HTTP/1.1" 404 2153
INFO 2020-03-27 09:06:03,003 basehttp 154 "GET /register/ HTTP/1.1" 200 4524
INFO 2020-03-27 09:06:03,052 basehttp 154 "GET /static/css/main.css HTTP/1.1" 200 39722
INFO 2020-03-27 09:06:03,060 basehttp 154 "GET /static/css/reset.css HTTP/1.1" 200 638
INFO 2020-03-27 09:06:03,068 basehttp 154 "GET /static/images/pic_code.jpg HTTP/1.1" 200 4507
INFO 2020-03-27 09:06:03,075 basehttp 154 "GET /static/js/host.js HTTP/1.1" 200 75
INFO 2020-03-27 09:06:03,081 basehttp 154 "GET /static/js/vue-2.5.16.js HTTP/1.1" 200 289307
INFO 2020-03-27 09:06:03,084 basehttp 154 "GET /static/js/axios-0.18.0.min.js HTTP/1.1" 200 12941
INFO 2020-03-27 09:06:03,094 basehttp 154 "GET /static/images/logo.png HTTP/1.1" 200 7450
INFO 2020-03-27 09:06:03,194 basehttp 154 "GET /static/js/common.js HTTP/1.1" 200 891
INFO 2020-03-27 09:06:03,195 basehttp 154 "GET /static/js/register.js HTTP/1.1" 200 15584
INFO 2020-03-27 09:06:03,242 basehttp 154 "GET /static/images/interval_line.png HTTP/1.1" 200 1123
INFO 2020-03-27 09:06:03,245 basehttp 154 "GET /static/images/register_banner.png HTTP/1.1" 200 54894
INFO 2020-03-27 09:06:03,252 basehttp 154 "GET /static/images/icons02.png HTTP/1.1" 200 3935
ERROR 2020-03-27 09:06:03,565 log 228 Internal Server Error: /favicon.ico
Traceback (most recent call last):
  File "/home/python/.local/lib/python3.5/site-packages/django/core/handlers/exception.py", line 34, in inner
    response = get_response(request)
  File "/home/python/.local/lib/python3.5/site-packages/django/core/handlers/base.py", line 126, in _get_response
    response = self.process_exception_by_middleware(e, request)
  File "/home/python/.local/lib/python3.5/site-packages/django/core/handlers/base.py", line 124, in _get_response
    response = wrapped_callback(request, *callback_args, **callback_kwargs)
  File "/home/python/.local/lib/python3.5/site-packages/django/views/generic/base.py", line 68, in view
    return self.dispatch(request, *args, **kwargs)
  File "/home/python/.local/lib/python3.5/site-packages/django/views/generic/base.py", line 88, in dispatch
    return handler(request, *args, **kwargs)
  File "/home/python/projects/meiduo_project/meiduo_mall/meiduo_mall/apps/contents/views.py", line 12, in get
    return render(request,'../static/index.html')
  File "/home/python/.local/lib/python3.5/site-packages/django/shortcuts.py", line 36, in render
    content = loader.render_to_string(template_name, context, request, using=using)
  File "/home/python/.local/lib/python3.5/site-packages/django/template/loader.py", line 61, in render_to_string
    template = get_template(template_name, using=using)
  File "/home/python/.local/lib/python3.5/site-packages/django/template/loader.py", line 19, in get_template
    raise TemplateDoesNotExist(template_name, chain=chain)
django.template.exceptions.TemplateDoesNotExist: ../static/index.html
ERROR 2020-03-27 09:06:03,569 basehttp 154 "GET /favicon.ico HTTP/1.1" 500 95983
INFO 2020-03-27 09:09:22,176 basehttp 154 "POST /register/ HTTP/1.1" 302 0
ERROR 2020-03-27 09:09:22,407 log 228 Internal Server Error: /
Traceback (most recent call last):
  File "/home/python/.local/lib/python3.5/site-packages/django/core/handlers/exception.py", line 34, in inner
    response = get_response(request)
  File "/home/python/.local/lib/python3.5/site-packages/django/core/handlers/base.py", line 126, in _get_response
    response = self.process_exception_by_middleware(e, request)
  File "/home/python/.local/lib/python3.5/site-packages/django/core/handlers/base.py", line 124, in _get_response
    response = wrapped_callback(request, *callback_args, **callback_kwargs)
  File "/home/python/.local/lib/python3.5/site-packages/django/views/generic/base.py", line 68, in view
    return self.dispatch(request, *args, **kwargs)
  File "/home/python/.local/lib/python3.5/site-packages/django/views/generic/base.py", line 88, in dispatch
    return handler(request, *args, **kwargs)
  File "/home/python/projects/meiduo_project/meiduo_mall/meiduo_mall/apps/contents/views.py", line 12, in get
    return render(request,'../static/index.html')
  File "/home/python/.local/lib/python3.5/site-packages/django/shortcuts.py", line 36, in render
    content = loader.render_to_string(template_name, context, request, using=using)
  File "/home/python/.local/lib/python3.5/site-packages/django/template/loader.py", line 61, in render_to_string
    template = get_template(template_name, using=using)
  File "/home/python/.local/lib/python3.5/site-packages/django/template/loader.py", line 19, in get_template
    raise TemplateDoesNotExist(template_name, chain=chain)
django.template.exceptions.TemplateDoesNotExist: ../static/index.html
ERROR 2020-03-27 09:09:22,411 basehttp 154 "GET / HTTP/1.1" 500 96049
ERROR 2020-03-27 09:09:22,970 log 228 Internal Server Error: /favicon.ico
Traceback (most recent call last):
  File "/home/python/.local/lib/python3.5/site-packages/django/core/handlers/exception.py", line 34, in inner
    response = get_response(request)
  File "/home/python/.local/lib/python3.5/site-packages/django/core/handlers/base.py", line 126, in _get_response
    response = self.process_exception_by_middleware(e, request)
  File "/home/python/.local/lib/python3.5/site-packages/django/core/handlers/base.py", line 124, in _get_response
    response = wrapped_callback(request, *callback_args, **callback_kwargs)
  File "/home/python/.local/lib/python3.5/site-packages/django/views/generic/base.py", line 68, in view
    return self.dispatch(request, *args, **kwargs)
  File "/home/python/.local/lib/python3.5/site-packages/django/views/generic/base.py", line 88, in dispatch
    return handler(request, *args, **kwargs)
  File "/home/python/projects/meiduo_project/meiduo_mall/meiduo_mall/apps/contents/views.py", line 12, in get
    return render(request,'../static/index.html')
  File "/home/python/.local/lib/python3.5/site-packages/django/shortcuts.py", line 36, in render
    content = loader.render_to_string(template_name, context, request, using=using)
  File "/home/python/.local/lib/python3.5/site-packages/django/template/loader.py", line 61, in render_to_string
    template = get_template(template_name, using=using)
  File "/home/python/.local/lib/python3.5/site-packages/django/template/loader.py", line 19, in get_template
    raise TemplateDoesNotExist(template_name, chain=chain)
django.template.exceptions.TemplateDoesNotExist: ../static/index.html
ERROR 2020-03-27 09:09:22,973 basehttp 154 "GET /favicon.ico HTTP/1.1" 500 95713
ERROR 2020-03-27 09:09:30,297 log 228 Internal Server Error: /
Traceback (most recent call last):
  File "/home/python/.local/lib/python3.5/site-packages/django/core/handlers/exception.py", line 34, in inner
    response = get_response(request)
  File "/home/python/.local/lib/python3.5/site-packages/django/core/handlers/base.py", line 126, in _get_response
    response = self.process_exception_by_middleware(e, request)
  File "/home/python/.local/lib/python3.5/site-packages/django/core/handlers/base.py", line 124, in _get_response
    response = wrapped_callback(request, *callback_args, **callback_kwargs)
  File "/home/python/.local/lib/python3.5/site-packages/django/views/generic/base.py", line 68, in view
    return self.dispatch(request, *args, **kwargs)
  File "/home/python/.local/lib/python3.5/site-packages/django/views/generic/base.py", line 88, in dispatch
    return handler(request, *args, **kwargs)
  File "/home/python/projects/meiduo_project/meiduo_mall/meiduo_mall/apps/contents/views.py", line 12, in get
    return render(request,'../static/index.html')
  File "/home/python/.local/lib/python3.5/site-packages/django/shortcuts.py", line 36, in render
    content = loader.render_to_string(template_name, context, request, using=using)
  File "/home/python/.local/lib/python3.5/site-packages/django/template/loader.py", line 61, in render_to_string
    template = get_template(template_name, using=using)
  File "/home/python/.local/lib/python3.5/site-packages/django/template/loader.py", line 19, in get_template
    raise TemplateDoesNotExist(template_name, chain=chain)
django.template.exceptions.TemplateDoesNotExist: ../static/index.html
ERROR 2020-03-27 09:09:30,300 basehttp 154 "GET / HTTP/1.1" 500 96049
ERROR 2020-03-27 09:09:30,972 log 228 Internal Server Error: /favicon.ico
Traceback (most recent call last):
  File "/home/python/.local/lib/python3.5/site-packages/django/core/handlers/exception.py", line 34, in inner
    response = get_response(request)
  File "/home/python/.local/lib/python3.5/site-packages/django/core/handlers/base.py", line 126, in _get_response
    response = self.process_exception_by_middleware(e, request)
  File "/home/python/.local/lib/python3.5/site-packages/django/core/handlers/base.py", line 124, in _get_response
    response = wrapped_callback(request, *callback_args, **callback_kwargs)
  File "/home/python/.local/lib/python3.5/site-packages/django/views/generic/base.py", line 68, in view
    return self.dispatch(request, *args, **kwargs)
  File "/home/python/.local/lib/python3.5/site-packages/django/views/generic/base.py", line 88, in dispatch
    return handler(request, *args, **kwargs)
  File "/home/python/projects/meiduo_project/meiduo_mall/meiduo_mall/apps/contents/views.py", line 12, in get
    return render(request,'../static/index.html')
  File "/home/python/.local/lib/python3.5/site-packages/django/shortcuts.py", line 36, in render
    content = loader.render_to_string(template_name, context, request, using=using)
  File "/home/python/.local/lib/python3.5/site-packages/django/template/loader.py", line 61, in render_to_string
    template = get_template(template_name, using=using)
  File "/home/python/.local/lib/python3.5/site-packages/django/template/loader.py", line 19, in get_template
    raise TemplateDoesNotExist(template_name, chain=chain)
django.template.exceptions.TemplateDoesNotExist: ../static/index.html
ERROR 2020-03-27 09:09:30,975 basehttp 154 "GET /favicon.ico HTTP/1.1" 500 95974
INFO 2020-03-27 09:11:51,363 basehttp 154 "GET / HTTP/1.1" 200 24375
INFO 2020-03-27 09:11:51,432 basehttp 154 "GET /js/host.js HTTP/1.1" 200 24375
INFO 2020-03-27 09:11:51,435 basehttp 154 "GET /css/main.css HTTP/1.1" 200 24375
INFO 2020-03-27 09:11:51,436 basehttp 154 "GET /css/reset.css HTTP/1.1" 200 24375
INFO 2020-03-27 09:11:51,450 basehttp 154 "GET /images/logo.png HTTP/1.1" 200 24375
INFO 2020-03-27 09:11:51,453 basehttp 154 "GET /images/goods/goods001.jpg HTTP/1.1" 200 24375
INFO 2020-03-27 09:11:51,469 basehttp 154 "GET /js/vue-2.5.16.js HTTP/1.1" 200 24375
INFO 2020-03-27 09:11:51,479 basehttp 154 "GET /js/axios-0.18.0.min.js HTTP/1.1" 200 24375
INFO 2020-03-27 09:11:51,482 basehttp 154 "GET /js/jquery-1.12.4.min.js HTTP/1.1" 200 24375
INFO 2020-03-27 09:11:51,498 basehttp 154 "GET /js/slide.js HTTP/1.1" 200 24375
INFO 2020-03-27 09:11:51,517 basehttp 154 "GET /js/index.js HTTP/1.1" 200 24375
INFO 2020-03-27 09:11:51,545 basehttp 154 "GET /images/slide02.jpg HTTP/1.1" 200 24375
INFO 2020-03-27 09:11:51,548 basehttp 154 "GET /images/slide03.jpg HTTP/1.1" 200 24375
INFO 2020-03-27 09:11:51,556 basehttp 154 "GET /js/common.js HTTP/1.1" 200 24375
INFO 2020-03-27 09:11:51,557 basehttp 154 "GET /images/slide01.jpg HTTP/1.1" 200 24375
INFO 2020-03-27 09:11:51,565 basehttp 154 "GET /images/goods/goods002.jpg HTTP/1.1" 200 24375
INFO 2020-03-27 09:11:51,568 basehttp 154 "GET /images/adv01.jpg HTTP/1.1" 200 24375
INFO 2020-03-27 09:11:51,577 basehttp 154 "GET /images/banner01.jpg HTTP/1.1" 200 24375
INFO 2020-03-27 09:11:51,579 basehttp 154 "GET /images/slide04.jpg HTTP/1.1" 200 24375
INFO 2020-03-27 09:11:51,592 basehttp 154 "GET /images/goods/goods003.jpg HTTP/1.1" 200 24375
INFO 2020-03-27 09:11:51,607 basehttp 154 "GET /images/goods/goods005.jpg HTTP/1.1" 200 24375
INFO 2020-03-27 09:11:51,609 basehttp 154 "GET /images/goods/goods004.jpg HTTP/1.1" 200 24375
INFO 2020-03-27 09:11:51,617 basehttp 154 "GET /images/banner02.jpg HTTP/1.1" 200 24375
INFO 2020-03-27 09:11:51,638 basehttp 154 "GET /images/banner03.jpg HTTP/1.1" 200 24375
INFO 2020-03-27 09:11:51,639 basehttp 154 "GET /images/goods/goods008.jpg HTTP/1.1" 200 24375
INFO 2020-03-27 09:11:51,645 basehttp 154 "GET /images/goods/goods009.jpg HTTP/1.1" 200 24375
INFO 2020-03-27 09:11:52,145 basehttp 154 "GET /favicon.ico HTTP/1.1" 200 24375
INFO 2020-03-27 09:11:54,593 basehttp 154 "GET /register/ HTTP/1.1" 200 4524
INFO 2020-03-27 09:11:54,828 basehttp 154 "GET /favicon.ico HTTP/1.1" 200 24375
INFO 2020-03-27 09:12:17,702 basehttp 154 "POST /register/ HTTP/1.1" 200 4622
INFO 2020-03-27 09:12:17,836 basehttp 154 "GET /favicon.ico HTTP/1.1" 200 24375
WARNING 2020-03-27 09:12:31,591 log 228 Forbidden: /register/
WARNING 2020-03-27 09:12:31,592 basehttp 154 "POST /register/ HTTP/1.1" 403 18
INFO 2020-03-27 09:12:31,636 basehttp 154 "GET /favicon.ico HTTP/1.1" 200 24375
INFO 2020-03-27 09:14:11,742 basehttp 154 "GET /favicon.ico HTTP/1.1" 200 24375
WARNING 2020-03-27 09:14:16,965 log 228 Forbidden: /register/
WARNING 2020-03-27 09:14:16,966 basehttp 154 "POST /register/ HTTP/1.1" 403 18
INFO 2020-03-27 09:14:17,014 basehttp 154 "GET /favicon.ico HTTP/1.1" 200 24375
INFO 2020-03-27 09:14:25,737 basehttp 154 "GET /favicon.ico HTTP/1.1" 200 24375
INFO 2020-03-27 09:14:41,638 basehttp 154 "POST /register/ HTTP/1.1" 302 0
INFO 2020-03-27 09:14:41,647 basehttp 154 "GET / HTTP/1.1" 200 24375
INFO 2020-03-27 09:14:41,718 basehttp 154 "GET /css/reset.css HTTP/1.1" 200 24375
INFO 2020-03-27 09:14:41,724 basehttp 154 "GET /css/main.css HTTP/1.1" 200 24375
INFO 2020-03-27 09:14:41,740 basehttp 154 "GET /images/logo.png HTTP/1.1" 200 24375
INFO 2020-03-27 09:14:41,747 basehttp 154 "GET /js/host.js HTTP/1.1" 200 24375
INFO 2020-03-27 09:14:41,753 basehttp 154 "GET /js/vue-2.5.16.js HTTP/1.1" 200 24375
INFO 2020-03-27 09:14:41,770 basehttp 154 "GET /js/axios-0.18.0.min.js HTTP/1.1" 200 24375
INFO 2020-03-27 09:14:41,770 basehttp 154 "GET /images/goods/goods001.jpg HTTP/1.1" 200 24375
INFO 2020-03-27 09:14:41,778 basehttp 154 "GET /js/jquery-1.12.4.min.js HTTP/1.1" 200 24375
INFO 2020-03-27 09:14:41,809 basehttp 154 "GET /js/slide.js HTTP/1.1" 200 24375
INFO 2020-03-27 09:14:41,814 basehttp 154 "GET /js/common.js HTTP/1.1" 200 24375
INFO 2020-03-27 09:14:41,835 basehttp 154 "GET /images/slide02.jpg HTTP/1.1" 200 24375
INFO 2020-03-27 09:14:41,859 basehttp 154 "GET /images/goods/goods002.jpg HTTP/1.1" 200 24375
INFO 2020-03-27 09:14:41,861 basehttp 154 "GET /images/slide03.jpg HTTP/1.1" 200 24375
INFO 2020-03-27 09:14:41,863 basehttp 154 "GET /images/slide01.jpg HTTP/1.1" 200 24375
INFO 2020-03-27 09:14:41,865 basehttp 154 "GET /js/index.js HTTP/1.1" 200 24375
INFO 2020-03-27 09:14:41,892 basehttp 154 "GET /images/slide04.jpg HTTP/1.1" 200 24375
INFO 2020-03-27 09:14:41,894 basehttp 154 "GET /images/banner01.jpg HTTP/1.1" 200 24375
INFO 2020-03-27 09:14:41,897 basehttp 154 "GET /images/adv01.jpg HTTP/1.1" 200 24375
INFO 2020-03-27 09:14:41,930 basehttp 154 "GET /images/goods/goods003.jpg HTTP/1.1" 200 24375
INFO 2020-03-27 09:14:41,947 basehttp 154 "GET /images/goods/goods004.jpg HTTP/1.1" 200 24375
INFO 2020-03-27 09:14:41,952 basehttp 154 "GET /images/goods/goods008.jpg HTTP/1.1" 200 24375
INFO 2020-03-27 09:14:41,955 basehttp 154 "GET /images/goods/goods005.jpg HTTP/1.1" 200 24375
INFO 2020-03-27 09:14:41,961 basehttp 154 "GET /images/banner03.jpg HTTP/1.1" 200 24375
INFO 2020-03-27 09:14:41,964 basehttp 154 "GET /images/banner02.jpg HTTP/1.1" 200 24375
INFO 2020-03-27 09:14:41,973 basehttp 154 "GET /images/goods/goods009.jpg HTTP/1.1" 200 24375
INFO 2020-03-27 09:14:42,055 basehttp 154 "GET /favicon.ico HTTP/1.1" 200 24375
